
--- Job cap6.gms Start 08/07/15 16:51:09 WEX-VS8 23.5.1 x86/MS Windows        
GAMS Rev 235  Copyright (C) 1987-2010 GAMS Development. All rights reserved
Licensee: Gary Goldstein                                 G010614:2121CA-WIN
          Decision Ware, Inc.                                        DC2807
--- Starting compilation
--- cap6.gms(246) 3 Mb 2 Errors
*** Error 148 in C:\Users\Mónica\Documents\gamsdir\projdir\cap6.gms
    Dimension different - The symbol is referenced with more/less
       indices as declared
*** Error 130 in C:\Users\Mónica\Documents\gamsdir\projdir\cap6.gms
    Division not defined for a set
--- cap6.gms(258) 3 Mb 3 Errors
*** Error   8 in C:\Users\Mónica\Documents\gamsdir\projdir\cap6.gms
    ')' expected
--- cap6.gms(324) 3 Mb 4 Errors
*** Error 257 in C:\Users\Mónica\Documents\gamsdir\projdir\cap6.gms
    Solve statement not checked because of previous errors
--- cap6.gms(324) 3 Mb 4 Errors
*** Status: Compilation error(s)
--- Job cap6.gms Stop 08/07/15 16:51:09 elapsed 0:00:00.038
Exit code = 2
