
--- Job cge standar.gms Start 08/06/15 12:25:34 WEX-VS8 23.5.1 x86/MS Windows        
GAMS Rev 235  Copyright (C) 1987-2010 GAMS Development. All rights reserved
Licensee: Gary Goldstein                                 G010614:2121CA-WIN
          Decision Ware, Inc.                                        DC2807
--- Starting compilation
--- cge standar.gms(67) 3 Mb 5 Errors
*** Error 149 in C:\Users\Mónica\Documents\gamsdir\projdir\cge standar.gms
    Uncontrolled set entered as constant
*** Error 121 in C:\Users\Mónica\Documents\gamsdir\projdir\cge standar.gms
    Set expected
*** Error 148 in C:\Users\Mónica\Documents\gamsdir\projdir\cge standar.gms
    Dimension different - The symbol is referenced with more/less
       indices as declared
*** Error   8 in C:\Users\Mónica\Documents\gamsdir\projdir\cge standar.gms
    ')' expected
*** Error 409 in C:\Users\Mónica\Documents\gamsdir\projdir\cge standar.gms
    Unrecognizable item - skip to find a new statement
      looking for a ';' or a key word to get started again
--- cge standar.gms(68) 3 Mb 7 Errors
*** Error 171 in C:\Users\Mónica\Documents\gamsdir\projdir\cge standar.gms
    Domain violation for set
*** Error 149 in C:\Users\Mónica\Documents\gamsdir\projdir\cge standar.gms
    Uncontrolled set entered as constant
--- cge standar.gms(78) 3 Mb 8 Errors
*** Error 141 in C:\Users\Mónica\Documents\gamsdir\projdir\cge standar.gms
    Symbol neither initialized nor assigned
       A wild shot: You may have spurious commas in the explanatory
       text of a declaration. Check symbol reference list.
--- cge standar.gms(88) 3 Mb 9 Errors
*** Error 141 in C:\Users\Mónica\Documents\gamsdir\projdir\cge standar.gms
    Symbol neither initialized nor assigned
       A wild shot: You may have spurious commas in the explanatory
       text of a declaration. Check symbol reference list.
--- cge standar.gms(118) 3 Mb 11 Errors
*** Error 171 in C:\Users\Mónica\Documents\gamsdir\projdir\cge standar.gms
    Domain violation for set
*** Error 148 in C:\Users\Mónica\Documents\gamsdir\projdir\cge standar.gms
    Dimension different - The symbol is referenced with more/less
       indices as declared
--- cge standar.gms(119) 3 Mb 13 Errors
*** Error 171 in C:\Users\Mónica\Documents\gamsdir\projdir\cge standar.gms
    Domain violation for set
*** Error 148 in C:\Users\Mónica\Documents\gamsdir\projdir\cge standar.gms
    Dimension different - The symbol is referenced with more/less
       indices as declared
--- cge standar.gms(211) 3 Mb 15 Errors
*** Error 171 in C:\Users\Mónica\Documents\gamsdir\projdir\cge standar.gms
    Domain violation for set
*** Error 148 in C:\Users\Mónica\Documents\gamsdir\projdir\cge standar.gms
    Dimension different - The symbol is referenced with more/less
       indices as declared
--- cge standar.gms(212) 3 Mb 17 Errors
*** Error 171 in C:\Users\Mónica\Documents\gamsdir\projdir\cge standar.gms
    Domain violation for set
*** Error 148 in C:\Users\Mónica\Documents\gamsdir\projdir\cge standar.gms
    Dimension different - The symbol is referenced with more/less
       indices as declared
--- cge standar.gms(242) 3 Mb 19 Errors
*** Error 148 in C:\Users\Mónica\Documents\gamsdir\projdir\cge standar.gms
    Dimension different - The symbol is referenced with more/less
       indices as declared
*** Error 130 in C:\Users\Mónica\Documents\gamsdir\projdir\cge standar.gms
    Division not defined for a set
--- cge standar.gms(254) 3 Mb 20 Errors
*** Error   8 in C:\Users\Mónica\Documents\gamsdir\projdir\cge standar.gms
    ')' expected
--- cge standar.gms(320) 3 Mb 21 Errors
*** Error 257 in C:\Users\Mónica\Documents\gamsdir\projdir\cge standar.gms
    Solve statement not checked because of previous errors
--- cge standar.gms(320) 3 Mb 21 Errors
*** Status: Compilation error(s)
--- Job cge standar.gms Stop 08/06/15 12:25:34 elapsed 0:00:00.055
Exit code = 2
